<?xml version="1.0" encoding="UTF-8"?>
<testsuite name="ru.stqa.pft.addressbook.tests.ContactModificationTests" tests="1" skipped="0" failures="0" errors="0" timestamp="2021-09-04T11:29:29" hostname="PASHOK-ПК" time="2.935">
  <properties/>
  <testcase name="testContactModification" classname="ru.stqa.pft.addressbook.tests.ContactModificationTests" time="2.935"/>
  <system-out><![CDATA[[ContactData{id='34', firstname='FirstName1', lastname='LastName1'}, ContactData{id='35', firstname='FirstName1', lastname='LastName1'}, ContactData{id='30', firstname='FirstName111', lastname='LastName1'}, ContactData{id='31', firstname='FirstName222', lastname='LastName1'}, ContactData{id='32', firstname='FirstName333', lastname='LastName1'}, ContactData{id='36', firstname='FirstName666', lastname='LastName1'}, ContactData{id='37', firstname='FirstName777', lastname='LastName1'}, ContactData{id='38', firstname='FirstName888', lastname='LastName1'}]
[ContactData{id='35', firstname='FirstName1', lastname='LastName1'}, ContactData{id='30', firstname='FirstName111', lastname='LastName1'}, ContactData{id='31', firstname='FirstName222', lastname='LastName1'}, ContactData{id='32', firstname='FirstName333', lastname='LastName1'}, ContactData{id='36', firstname='FirstName666', lastname='LastName1'}, ContactData{id='37', firstname='FirstName777', lastname='LastName1'}, ContactData{id='38', firstname='FirstName888', lastname='LastName1'}]
[ContactData{id='35', firstname='FirstName1', lastname='LastName1'}, ContactData{id='30', firstname='FirstName111', lastname='LastName1'}, ContactData{id='31', firstname='FirstName222', lastname='LastName1'}, ContactData{id='32', firstname='FirstName333', lastname='LastName1'}, ContactData{id='36', firstname='FirstName666', lastname='LastName1'}, ContactData{id='37', firstname='FirstName777', lastname='LastName1'}, ContactData{id='38', firstname='FirstName888', lastname='LastName1'}, ContactData{id='34', firstname='FirstName1', lastname='LastName1'}]
]]></system-out>
  <system-err><![CDATA[SLF4J: Failed to load class "org.slf4j.impl.StaticLoggerBinder".
SLF4J: Defaulting to no-operation (NOP) logger implementation
SLF4J: See http://www.slf4j.org/codes.html#StaticLoggerBinder for further details.
1630754960896	geckodriver	INFO	Listening on 127.0.0.1:33834
1630754962012	mozrunner::runner	INFO	Running command: "C:\\Program Files\\Mozilla Firefox\\firefox.exe" "--marionette" "--remote-debugging-port" "0" "-foreground" "-no-remote" "-profile" "C:\\Users\\Pashok\\AppData\\Local\\Temp\\rust_mozprofile75Enr3"
1630754962880	Marionette	INFO	Marionette enabled
console.warn: SearchSettings: "get: No settings file exists, new profile?" (new NotFoundError("Could not open the file at C:\\Users\\Pashok\\AppData\\Local\\Temp\\rust_mozprofile75Enr3\\search.json.mozlz4", (void 0)))
DevTools listening on ws://localhost:20363/devtools/browser/8e293a91-f590-4ca2-8ef0-a02bf14ecba6
1630754966987	Marionette	INFO	Listening on port 62378
1630754967431	RemoteAgent	WARN	TLS certificate errors will be ignored for this session
сен 04, 2021 2:29:27 PM org.openqa.selenium.remote.ProtocolHandshake createSession
INFO: Detected dialect: W3C
1630754971987	Marionette	INFO	Stopped listening on port 62378
JavaScript error: resource:///modules/Interactions.jsm, line 209: NS_ERROR_FAILURE: Component returned failure code: 0x80004005 (NS_ERROR_FAILURE) [nsIUserIdleService.removeIdleObserver]
!!! error running onStopped callback: TypeError: callback is not a function
JavaScript error: resource://gre/modules/UrlClassifierListManager.jsm, line 691: TypeError: this.tablesData[table] is undefined
[Parent 10072, IPC I/O Parent] WARNING: file /builds/worker/checkouts/gecko/ipc/chromium/src/base/process_util_win.cc:167
1630754973706	RemoteAgent	ERROR	unable to stop listener: [Exception... "Component returned failure code: 0x8000ffff (NS_ERROR_UNEXPECTED) [nsIWindowMediator.getEnumerator]"  nsresult: "0x8000ffff (NS_ERROR_UNEXPECTED)"  location: "JS frame :: chrome://remote/content/cdp/observers/TargetObserver.jsm :: stop :: line 64"  data: no] Stack trace: stop()@TargetObserver.jsm:64
unwatchForTabs()@TargetList.jsm:70
unwatchForTargets()@TargetList.jsm:37
destructor()@TargetList.jsm:109
stop()@CDP.jsm:104
close()@RemoteAgent.jsm:138
]]></system-err>
</testsuite>
