<?xml version="1.0" encoding="UTF-8"?>
<testsuite name="ru.stqa.pft.addressbook.tests.ContactCreationTests" tests="2" skipped="0" failures="0" errors="0" timestamp="2021-10-02T09:45:33" hostname="PASHOK-ПК" time="18.907">
  <properties/>
  <testcase name="testBadContactCreation" classname="ru.stqa.pft.addressbook.tests.ContactCreationTests" time="12.026"/>
  <testcase name="testContactCreation" classname="ru.stqa.pft.addressbook.tests.ContactCreationTests" time="6.877"/>
  <system-out><![CDATA[]]></system-out>
  <system-err><![CDATA[]]></system-err>
</testsuite>
